Arguments: 
  /home/daniel/.nvm/versions/node/v11.2.0/bin/node /usr/share/yarn/bin/yarn.js install

PATH: 
  /home/daniel/.pyenv/plugins/pyenv-virtualenv/shims:/home/daniel/.pyenv/shims:~/.pyenv/bin:/home/daniel/.rbenv/shims:/home/daniel/.rbenv/bin:/home/daniel/.local/bin:/home/daniel/bin:/home/daniel/.pyenv/plugins/pyenv-virtualenv/shims:/home/daniel/.pyenv/shims:~/.pyenv/bin:/home/daniel/.nvm/versions/node/v11.2.0/bin:/home/daniel/.rbenv/shims:/home/daniel/.rbenv/bin:/home/daniel/.local/bin:/home/daniel/bin:/usr/share/Modules/bin:/usr/local/bin:/usr/local/sbin:/usr/bin:/usr/sbin

Yarn version: 
  1.12.3

Node version: 
  11.2.0

Platform: 
  linux x64

Trace: 
  TypeError [ERR_INVALID_ARG_TYPE]: The "path" argument must be of type string. Received type object
      at assertPath (path.js:39:11)
      at Object.isAbsolute (path.js:1141:5)
      at module.exports.exports.default (/usr/share/yarn/lib/cli.js:99500:16)
      at /usr/share/yarn/lib/cli.js:50670:63
      at Generator.next (<anonymous>)
      at step (/usr/share/yarn/lib/cli.js:304:30)
      at /usr/share/yarn/lib/cli.js:315:13

npm manifest: 
  {
    "dependencies": {
      "autoprefixer": "^7.2.5",
      "axios": "^0.16.1",
      "babel-core": "^6.24.1",
      "babel-loader": "^7.0.0",
      "babel-preset-env": "^1.4.0",
      "coffee-loader": "^0.7.3",
      "coffee-script": "^1.12.5",
      "compression-webpack-plugin": "^0.4.0",
      "css-loader": "^0.28.9",
      "eslint": "^4.17.0",
      "eslint-plugin-vue": "next",
      "extract-text-webpack-plugin": "^2.1.0",
      "file-loader": "^0.11.1",
      "glob": "^7.1.1",
      "js-yaml": "^3.8.4",
      "klaw": "^1.3.1",
      "lodash": "^4.17.5",
      "node-sass": "^4.5.2",
      "path-complete-extname": "^0.1.0",
      "postcss-loader": "^2.0.10",
      "postcss-smart-import": "^0.6.13",
      "precss": "^1.4.0",
      "querystringify": "^1.0.0",
      "rails-erb-loader": "^5.0.0",
      "sass-loader": "^6.0.5",
      "style-loader": "^0.17.0",
      "v-media-query": "^1.0.3",
      "vue": "^2.5.13",
      "vue-i18n": "^6.1.1",
      "vue-loader": "^12.0.4",
      "vue-media-queries": "0.0.3",
      "vue-router": "^2.5.3",
      "vue-scrollto": "^2.8.0",
      "vue-template-compiler": "^2.5.13",
      "vuex": "^2.3.1",
      "vuex-i18n": "^1.10.5",
      "webpack": "^2.5.1",
      "webpack-manifest-plugin": "^1.1.0",
      "webpack-merge": "^4.1.0",
      "scripts": {
        "webpack:deploy": "webpack --config=webpack/webpack.config.js -p",
        "heroku-postbuild": "npm run webpack:deploy",
        "scripts": {
          "webpack:deploy": "webpack --config=webpack/webpack.config.js -p",
          "heroku-postbuild": "npm run webpack:deploy"
        }
      }
    },
    "devDependencies": {
      "babel-preset-stage-2": "^6.24.1",
      "vuetify": "^0.11.1",
      "webpack-dev-server": "^2.11.1"
    }
  }

yarn manifest: 
  No manifest

Lockfile: 
  No lockfile
